{"/Users/bwa/dev/opensource/bwa/multiplexer/src/app/api/simple-program.logic.json.ts": {"path":"/Users/bwa/dev/opensource/bwa/multiplexer/src/app/api/simple-program.logic.json.ts","statementMap":{"0":{"start":{"line":1,"column":0},"end":{"line":1,"column":47}},"1":{"start":{"line":3,"column":13},"end":{"line":624,"column":null}}},"fnMap":{},"branchMap":{},"s":{"0":1,"1":1},"f":{},"b":{}}
,"/Users/bwa/dev/opensource/bwa/multiplexer/src/app/api/simple-program.ts": {"path":"/Users/bwa/dev/opensource/bwa/multiplexer/src/app/api/simple-program.ts","statementMap":{"0":{"start":{"line":1,"column":13},"end":{"line":35,"column":null}}},"fnMap":{},"branchMap":{},"s":{"0":1},"f":{},"b":{}}
,"/Users/bwa/dev/opensource/bwa/multiplexer/src/app/api/source-token.ts": {"path":"/Users/bwa/dev/opensource/bwa/multiplexer/src/app/api/source-token.ts","statementMap":{"0":{"start":{"line":11,"column":0},"end":{"line":11,"column":null}},"1":{"start":{"line":12,"column":2},"end":{"line":12,"column":null}},"2":{"start":{"line":13,"column":2},"end":{"line":13,"column":null}},"3":{"start":{"line":14,"column":2},"end":{"line":14,"column":null}},"4":{"start":{"line":15,"column":2},"end":{"line":15,"column":null}},"5":{"start":{"line":16,"column":2},"end":{"line":16,"column":null}},"6":{"start":{"line":23,"column":0},"end":{"line":23,"column":null}},"7":{"start":{"line":24,"column":2},"end":{"line":24,"column":null}},"8":{"start":{"line":25,"column":2},"end":{"line":25,"column":null}},"9":{"start":{"line":26,"column":2},"end":{"line":26,"column":null}},"10":{"start":{"line":27,"column":2},"end":{"line":27,"column":null}},"11":{"start":{"line":28,"column":2},"end":{"line":28,"column":null}},"12":{"start":{"line":29,"column":2},"end":{"line":29,"column":null}},"13":{"start":{"line":30,"column":2},"end":{"line":30,"column":null}},"14":{"start":{"line":31,"column":2},"end":{"line":31,"column":null}},"15":{"start":{"line":33,"column":13},"end":{"line":33,"column":null}},"16":{"start":{"line":33,"column":40},"end":{"line":33,"column":60}},"17":{"start":{"line":35,"column":0},"end":{"line":35,"column":null}},"18":{"start":{"line":36,"column":2},"end":{"line":36,"column":null}},"19":{"start":{"line":37,"column":2},"end":{"line":37,"column":null}},"20":{"start":{"line":38,"column":2},"end":{"line":38,"column":null}},"21":{"start":{"line":39,"column":2},"end":{"line":39,"column":null}},"22":{"start":{"line":40,"column":2},"end":{"line":40,"column":null}},"23":{"start":{"line":41,"column":2},"end":{"line":41,"column":null}},"24":{"start":{"line":42,"column":2},"end":{"line":42,"column":null}},"25":{"start":{"line":43,"column":2},"end":{"line":43,"column":null}},"26":{"start":{"line":46,"column":13},"end":{"line":46,"column":null}},"27":{"start":{"line":46,"column":41},"end":{"line":46,"column":62}},"28":{"start":{"line":48,"column":0},"end":{"line":48,"column":null}},"29":{"start":{"line":49,"column":2},"end":{"line":49,"column":null}},"30":{"start":{"line":50,"column":2},"end":{"line":50,"column":null}},"31":{"start":{"line":51,"column":2},"end":{"line":51,"column":null}},"32":{"start":{"line":52,"column":2},"end":{"line":52,"column":null}},"33":{"start":{"line":55,"column":13},"end":{"line":55,"column":null}},"34":{"start":{"line":55,"column":42},"end":{"line":55,"column":64}}},"fnMap":{"0":{"name":"(anonymous_0)","decl":{"start":{"line":11,"column":0},"end":{"line":11,"column":12}},"loc":{"start":{"line":11,"column":21},"end":{"line":17,"column":1}}},"1":{"name":"(anonymous_1)","decl":{"start":{"line":23,"column":0},"end":{"line":23,"column":12}},"loc":{"start":{"line":23,"column":19},"end":{"line":32,"column":1}}},"2":{"name":"(anonymous_2)","decl":{"start":{"line":33,"column":24},"end":{"line":33,"column":37}},"loc":{"start":{"line":33,"column":40},"end":{"line":33,"column":60}}},"3":{"name":"(anonymous_3)","decl":{"start":{"line":35,"column":0},"end":{"line":35,"column":12}},"loc":{"start":{"line":35,"column":20},"end":{"line":44,"column":1}}},"4":{"name":"(anonymous_4)","decl":{"start":{"line":46,"column":25},"end":{"line":46,"column":38}},"loc":{"start":{"line":46,"column":41},"end":{"line":46,"column":62}}},"5":{"name":"(anonymous_5)","decl":{"start":{"line":48,"column":0},"end":{"line":48,"column":12}},"loc":{"start":{"line":48,"column":21},"end":{"line":53,"column":1}}},"6":{"name":"(anonymous_6)","decl":{"start":{"line":55,"column":26},"end":{"line":55,"column":39}},"loc":{"start":{"line":55,"column":42},"end":{"line":55,"column":64}}}},"branchMap":{"0":{"loc":{"start":{"line":11,"column":12},"end":{"line":11,"column":21}},"type":"binary-expr","locations":[{"start":{"line":11,"column":12},"end":{"line":11,"column":21}},{"start":{"line":11,"column":12},"end":{"line":11,"column":null}}]},"1":{"loc":{"start":{"line":23,"column":12},"end":{"line":23,"column":19}},"type":"binary-expr","locations":[{"start":{"line":23,"column":12},"end":{"line":23,"column":19}},{"start":{"line":23,"column":12},"end":{"line":23,"column":null}}]},"2":{"loc":{"start":{"line":35,"column":12},"end":{"line":35,"column":20}},"type":"binary-expr","locations":[{"start":{"line":35,"column":12},"end":{"line":35,"column":20}},{"start":{"line":35,"column":12},"end":{"line":35,"column":null}}]},"3":{"loc":{"start":{"line":48,"column":12},"end":{"line":48,"column":21}},"type":"binary-expr","locations":[{"start":{"line":48,"column":12},"end":{"line":48,"column":21}},{"start":{"line":48,"column":12},"end":{"line":48,"column":null}}]}},"s":{"0":1,"1":1,"2":1,"3":1,"4":1,"5":1,"6":1,"7":1,"8":1,"9":1,"10":1,"11":1,"12":1,"13":1,"14":1,"15":1,"16":0,"17":1,"18":1,"19":1,"20":1,"21":1,"22":1,"23":1,"24":1,"25":1,"26":1,"27":0,"28":1,"29":1,"30":1,"31":1,"32":1,"33":1,"34":0},"f":{"0":1,"1":1,"2":0,"3":1,"4":0,"5":1,"6":0},"b":{"0":[1,1],"1":[1,1],"2":[1,1],"3":[1,1]}}
,"/Users/bwa/dev/opensource/bwa/multiplexer/src/app/commons/constant.ts": {"path":"/Users/bwa/dev/opensource/bwa/multiplexer/src/app/commons/constant.ts","statementMap":{"0":{"start":{"line":2,"column":13},"end":{"line":2,"column":null}},"1":{"start":{"line":3,"column":13},"end":{"line":3,"column":null}}},"fnMap":{},"branchMap":{},"s":{"0":2,"1":2},"f":{},"b":{}}
,"/Users/bwa/dev/opensource/bwa/multiplexer/src/app/commons/source-file.util.ts": {"path":"/Users/bwa/dev/opensource/bwa/multiplexer/src/app/commons/source-file.util.ts","statementMap":{"0":{"start":{"line":3,"column":13},"end":{"line":3,"column":null}},"1":{"start":{"line":3,"column":115},"end":{"line":3,"column":151}}},"fnMap":{"0":{"name":"(anonymous_0)","decl":{"start":{"line":3,"column":26},"end":{"line":3,"column":27}},"loc":{"start":{"line":3,"column":115},"end":{"line":3,"column":151}}}},"branchMap":{},"s":{"0":2,"1":2},"f":{"0":2},"b":{}}
,"/Users/bwa/dev/opensource/bwa/multiplexer/src/app/compiler/02-lexical-analysis/generate-token.service.ts": {"path":"/Users/bwa/dev/opensource/bwa/multiplexer/src/app/compiler/02-lexical-analysis/generate-token.service.ts","statementMap":{"0":{"start":{"line":1,"column":0},"end":{"line":1,"column":97}},"1":{"start":{"line":3,"column":13},"end":{"line":15,"column":null}},"2":{"start":{"line":4,"column":2},"end":{"line":6,"column":null}},"3":{"start":{"line":5,"column":4},"end":{"line":5,"column":null}},"4":{"start":{"line":7,"column":2},"end":{"line":9,"column":null}},"5":{"start":{"line":8,"column":4},"end":{"line":8,"column":null}},"6":{"start":{"line":10,"column":2},"end":{"line":12,"column":null}},"7":{"start":{"line":11,"column":4},"end":{"line":11,"column":null}},"8":{"start":{"line":13,"column":28},"end":{"line":13,"column":38}},"9":{"start":{"line":14,"column":2},"end":{"line":14,"column":null}},"10":{"start":{"line":17,"column":13},"end":{"line":26,"column":null}},"11":{"start":{"line":18,"column":21},"end":{"line":18,"column":39}},"12":{"start":{"line":19,"column":23},"end":{"line":19,"column":60}},"13":{"start":{"line":19,"column":47},"end":{"line":19,"column":59}},"14":{"start":{"line":22,"column":23},"end":{"line":22,"column":64}},"15":{"start":{"line":22,"column":49},"end":{"line":22,"column":63}},"16":{"start":{"line":23,"column":22},"end":{"line":23,"column":63}},"17":{"start":{"line":23,"column":48},"end":{"line":23,"column":62}},"18":{"start":{"line":24,"column":26},"end":{"line":24,"column":85}},"19":{"start":{"line":24,"column":50},"end":{"line":24,"column":60}},"20":{"start":{"line":24,"column":71},"end":{"line":24,"column":84}},"21":{"start":{"line":25,"column":2},"end":{"line":25,"column":null}}},"fnMap":{"0":{"name":"(anonymous_0)","decl":{"start":{"line":3,"column":26},"end":{"line":3,"column":27}},"loc":{"start":{"line":3,"column":47},"end":{"line":15,"column":1}}},"1":{"name":"(anonymous_1)","decl":{"start":{"line":17,"column":30},"end":{"line":17,"column":31}},"loc":{"start":{"line":17,"column":58},"end":{"line":26,"column":1}}},"2":{"name":"(anonymous_2)","decl":{"start":{"line":19,"column":42},"end":{"line":19,"column":43}},"loc":{"start":{"line":19,"column":47},"end":{"line":19,"column":59}}},"3":{"name":"(anonymous_3)","decl":{"start":{"line":22,"column":44},"end":{"line":22,"column":45}},"loc":{"start":{"line":22,"column":49},"end":{"line":22,"column":63}}},"4":{"name":"(anonymous_4)","decl":{"start":{"line":23,"column":43},"end":{"line":23,"column":44}},"loc":{"start":{"line":23,"column":48},"end":{"line":23,"column":62}}},"5":{"name":"(anonymous_5)","decl":{"start":{"line":24,"column":45},"end":{"line":24,"column":46}},"loc":{"start":{"line":24,"column":50},"end":{"line":24,"column":60}}},"6":{"name":"(anonymous_6)","decl":{"start":{"line":24,"column":66},"end":{"line":24,"column":67}},"loc":{"start":{"line":24,"column":71},"end":{"line":24,"column":84}}}},"branchMap":{"0":{"loc":{"start":{"line":4,"column":2},"end":{"line":6,"column":null}},"type":"if","locations":[{"start":{"line":4,"column":2},"end":{"line":6,"column":null}},{"start":{"line":4,"column":2},"end":{"line":6,"column":null}}]},"1":{"loc":{"start":{"line":7,"column":2},"end":{"line":9,"column":null}},"type":"if","locations":[{"start":{"line":7,"column":2},"end":{"line":9,"column":null}},{"start":{"line":7,"column":2},"end":{"line":9,"column":null}}]},"2":{"loc":{"start":{"line":10,"column":2},"end":{"line":12,"column":null}},"type":"if","locations":[{"start":{"line":10,"column":2},"end":{"line":12,"column":null}},{"start":{"line":10,"column":2},"end":{"line":12,"column":null}}]}},"s":{"0":1,"1":1,"2":129,"3":22,"4":107,"5":5,"6":102,"7":14,"8":88,"9":88,"10":1,"11":2,"12":2,"13":36,"14":2,"15":144,"16":2,"17":162,"18":2,"19":170,"20":125,"21":2},"f":{"0":129,"1":2,"2":36,"3":144,"4":162,"5":170,"6":125},"b":{"0":[22,107],"1":[5,102],"2":[14,88]}}
,"/Users/bwa/dev/opensource/bwa/multiplexer/src/app/compiler/pre-processor/pre-processor.service.ts": {"path":"/Users/bwa/dev/opensource/bwa/multiplexer/src/app/compiler/pre-processor/pre-processor.service.ts","statementMap":{"0":{"start":{"line":1,"column":0},"end":{"line":1,"column":55}},"1":{"start":{"line":3,"column":0},"end":{"line":3,"column":77}},"2":{"start":{"line":5,"column":13},"end":{"line":10,"column":null}},"3":{"start":{"line":6,"column":17},"end":{"line":7,"column":null}},"4":{"start":{"line":9,"column":2},"end":{"line":9,"column":null}}},"fnMap":{"0":{"name":"(anonymous_0)","decl":{"start":{"line":5,"column":26},"end":{"line":5,"column":27}},"loc":{"start":{"line":5,"column":61},"end":{"line":10,"column":1}}}},"branchMap":{},"s":{"0":1,"1":1,"2":1,"3":1,"4":1},"f":{"0":1},"b":{}}
,"/Users/bwa/dev/opensource/bwa/multiplexer/src/app/compiler/pre-processor/remove-comment.service.ts": {"path":"/Users/bwa/dev/opensource/bwa/multiplexer/src/app/compiler/pre-processor/remove-comment.service.ts","statementMap":{"0":{"start":{"line":1,"column":0},"end":{"line":1,"column":56}},"1":{"start":{"line":4,"column":23},"end":{"line":9,"column":1}},"2":{"start":{"line":5,"column":19},"end":{"line":7,"column":93}},"3":{"start":{"line":6,"column":15},"end":{"line":6,"column":54}},"4":{"start":{"line":7,"column":12},"end":{"line":7,"column":92}},"5":{"start":{"line":8,"column":2},"end":{"line":8,"column":36}},"6":{"start":{"line":11,"column":8},"end":{"line":11,"column":22}}},"fnMap":{"0":{"name":"(anonymous_0)","decl":{"start":{"line":4,"column":23},"end":{"line":4,"column":24}},"loc":{"start":{"line":4,"column":58},"end":{"line":9,"column":1}}},"1":{"name":"(anonymous_1)","decl":{"start":{"line":6,"column":10},"end":{"line":6,"column":11}},"loc":{"start":{"line":6,"column":15},"end":{"line":6,"column":54}}},"2":{"name":"(anonymous_2)","decl":{"start":{"line":7,"column":7},"end":{"line":7,"column":8}},"loc":{"start":{"line":7,"column":12},"end":{"line":7,"column":92}}}},"branchMap":{"0":{"loc":{"start":{"line":7,"column":44},"end":{"line":7,"column":88}},"type":"cond-expr","locations":[{"start":{"line":7,"column":44},"end":{"line":7,"column":88}},{"start":{"line":7,"column":91},"end":{"line":7,"column":92}}]}},"s":{"0":2,"1":2,"2":2,"3":15,"4":9,"5":2,"6":2},"f":{"0":2,"1":15,"2":9},"b":{"0":[2,7]}}
,"/Users/bwa/dev/opensource/bwa/multiplexer/src/app/compiler/pre-processor/trim-and-remove-empty-lines.service.ts": {"path":"/Users/bwa/dev/opensource/bwa/multiplexer/src/app/compiler/pre-processor/trim-and-remove-empty-lines.service.ts","statementMap":{"0":{"start":{"line":3,"column":13},"end":{"line":7,"column":null}},"1":{"start":{"line":4,"column":15},"end":{"line":4,"column":26}},"2":{"start":{"line":5,"column":16},"end":{"line":5,"column":101}},"3":{"start":{"line":5,"column":36},"end":{"line":5,"column":75}},"4":{"start":{"line":5,"column":89},"end":{"line":5,"column":100}},"5":{"start":{"line":6,"column":2},"end":{"line":6,"column":33}}},"fnMap":{"0":{"name":"(anonymous_0)","decl":{"start":{"line":3,"column":39},"end":{"line":3,"column":40}},"loc":{"start":{"line":3,"column":74},"end":{"line":7,"column":1}}},"1":{"name":"(anonymous_1)","decl":{"start":{"line":5,"column":28},"end":{"line":5,"column":32}},"loc":{"start":{"line":5,"column":36},"end":{"line":5,"column":75}}},"2":{"name":"(anonymous_2)","decl":{"start":{"line":5,"column":81},"end":{"line":5,"column":85}},"loc":{"start":{"line":5,"column":89},"end":{"line":5,"column":100}}}},"branchMap":{"0":{"loc":{"start":{"line":5,"column":36},"end":{"line":5,"column":49}},"type":"binary-expr","locations":[{"start":{"line":5,"column":36},"end":{"line":5,"column":49}},{"start":{"line":5,"column":53},"end":{"line":5,"column":75}}]}},"s":{"0":2,"1":2,"2":2,"3":9,"4":5,"5":2},"f":{"0":2,"1":9,"2":5},"b":{"0":[9,6]}}
}
