TN:
SF:src/app/api/simple-program.logic.json.ts
FNF:0
FNH:0
DA:1,1
DA:3,1
LF:2
LH:2
BRF:0
BRH:0
end_of_record
TN:
SF:src/app/api/simple-program.ts
FNF:0
FNH:0
DA:1,1
LF:1
LH:1
BRF:0
BRH:0
end_of_record
TN:
SF:src/app/api/source-token.ts
FN:11,(anonymous_0)
FN:23,(anonymous_1)
FN:33,(anonymous_2)
FN:35,(anonymous_3)
FN:46,(anonymous_4)
FN:48,(anonymous_5)
FN:55,(anonymous_6)
FNF:7
FNH:4
FNDA:1,(anonymous_0)
FNDA:1,(anonymous_1)
FNDA:0,(anonymous_2)
FNDA:1,(anonymous_3)
FNDA:0,(anonymous_4)
FNDA:1,(anonymous_5)
FNDA:0,(anonymous_6)
DA:11,1
DA:12,1
DA:13,1
DA:14,1
DA:15,1
DA:16,1
DA:23,1
DA:24,1
DA:25,1
DA:26,1
DA:27,1
DA:28,1
DA:29,1
DA:30,1
DA:31,1
DA:33,1
DA:35,1
DA:36,1
DA:37,1
DA:38,1
DA:39,1
DA:40,1
DA:41,1
DA:42,1
DA:43,1
DA:46,1
DA:48,1
DA:49,1
DA:50,1
DA:51,1
DA:52,1
DA:55,1
LF:32
LH:32
BRDA:11,0,0,1
BRDA:11,0,1,1
BRDA:23,1,0,1
BRDA:23,1,1,1
BRDA:35,2,0,1
BRDA:35,2,1,1
BRDA:48,3,0,1
BRDA:48,3,1,1
BRF:8
BRH:8
end_of_record
TN:
SF:src/app/commons/constant.ts
FNF:0
FNH:0
DA:2,2
DA:3,2
LF:2
LH:2
BRF:0
BRH:0
end_of_record
TN:
SF:src/app/commons/source-file.util.ts
FN:3,(anonymous_0)
FNF:1
FNH:1
FNDA:2,(anonymous_0)
DA:3,2
LF:1
LH:1
BRF:0
BRH:0
end_of_record
TN:
SF:src/app/compiler/02-lexical-analysis/generate-token.service.ts
FN:3,(anonymous_0)
FN:17,(anonymous_1)
FN:19,(anonymous_2)
FN:22,(anonymous_3)
FN:23,(anonymous_4)
FN:24,(anonymous_5)
FN:24,(anonymous_6)
FNF:7
FNH:7
FNDA:129,(anonymous_0)
FNDA:2,(anonymous_1)
FNDA:36,(anonymous_2)
FNDA:144,(anonymous_3)
FNDA:162,(anonymous_4)
FNDA:170,(anonymous_5)
FNDA:125,(anonymous_6)
DA:1,1
DA:3,1
DA:4,129
DA:5,22
DA:7,107
DA:8,5
DA:10,102
DA:11,14
DA:13,88
DA:14,88
DA:17,1
DA:18,2
DA:19,36
DA:22,144
DA:23,162
DA:24,170
DA:25,2
LF:17
LH:17
BRDA:4,0,0,22
BRDA:4,0,1,107
BRDA:7,1,0,5
BRDA:7,1,1,102
BRDA:10,2,0,14
BRDA:10,2,1,88
BRF:6
BRH:6
end_of_record
TN:
SF:src/app/compiler/pre-processor/pre-processor.service.ts
FN:5,(anonymous_0)
FNF:1
FNH:1
FNDA:1,(anonymous_0)
DA:1,1
DA:3,1
DA:5,1
DA:6,1
DA:9,1
LF:5
LH:5
BRF:0
BRH:0
end_of_record
TN:
SF:src/app/compiler/pre-processor/remove-comment.service.ts
FN:4,(anonymous_0)
FN:6,(anonymous_1)
FN:7,(anonymous_2)
FNF:3
FNH:3
FNDA:2,(anonymous_0)
FNDA:15,(anonymous_1)
FNDA:9,(anonymous_2)
DA:1,2
DA:4,2
DA:5,2
DA:6,15
DA:7,9
DA:8,2
DA:11,2
LF:7
LH:7
BRDA:7,0,0,2
BRDA:7,0,1,7
BRF:2
BRH:2
end_of_record
TN:
SF:src/app/compiler/pre-processor/trim-and-remove-empty-lines.service.ts
FN:3,(anonymous_0)
FN:5,(anonymous_1)
FN:5,(anonymous_2)
FNF:3
FNH:3
FNDA:2,(anonymous_0)
FNDA:9,(anonymous_1)
FNDA:5,(anonymous_2)
DA:3,2
DA:4,2
DA:5,9
DA:6,2
LF:4
LH:4
BRDA:5,0,0,9
BRDA:5,0,1,6
BRF:2
BRH:2
end_of_record
